<?xml version="1.0" encoding="UTF-8"?>
<!-- Generated by org.testng.reporters.JUnitReportReporter -->
<testsuite hostname="LH7U05CG7350KQM" name="testScenraios.LoginPage_Validation" tests="1" failures="0" timestamp="17 May 2019 07:17:28 GMT" time="3.910" errors="0">
  <testcase name="Login_Test" time="3.910" classname="testScenraios.LoginPage_Validation"/>
</testsuite> <!-- testScenraios.LoginPage_Validation -->
