<?xml version="1.0" encoding="UTF-8"?>
<!-- Generated by org.testng.reporters.JUnitReportReporter -->
<testsuite hostname="LH7U05CG7350KQM" name="assignment_Question1.LoginPage_Validation" tests="1" failures="0" timestamp="18 May 2019 14:03:15 GMT" time="4.646" errors="0">
  <testcase name="Login_Test" time="4.646" classname="assignment_Question1.LoginPage_Validation"/>
</testsuite> <!-- assignment_Question1.LoginPage_Validation -->
