<?xml version="1.0" encoding="UTF-8"?>
<!-- Generated by org.testng.reporters.JUnitReportReporter -->
<testsuite hostname="LH7U05CG7350KQM" name="testScenarios.AdminPage_Validation" tests="1" failures="0" timestamp="17 May 2019 16:37:16 GMT" time="18.510" errors="0">
  <testcase name="Admin_Search" time="18.510" classname="testScenarios.AdminPage_Validation"/>
</testsuite> <!-- testScenarios.AdminPage_Validation -->
