<?xml version="1.0" encoding="UTF-8"?>
<!-- Generated by org.testng.reporters.JUnitReportReporter -->
<testsuite hostname="LH7U05CG7350KQM" name="testScenarios.DirectoryPage_Validation" tests="1" failures="0" timestamp="17 May 2019 10:55:01 GMT" time="18.488" errors="0">
  <testcase name="Directory_Search" time="18.488" classname="testScenarios.DirectoryPage_Validation"/>
</testsuite> <!-- testScenarios.DirectoryPage_Validation -->
