<?xml version="1.0" encoding="UTF-8"?>
<!-- Generated by org.testng.reporters.JUnitReportReporter -->
<testsuite hostname="LH7U05CG7350KQM" name="testScenarios.LoginPage_Validation" tests="1" failures="0" timestamp="17 May 2019 14:42:22 GMT" time="4.511" errors="0">
  <testcase name="Login_Test" time="4.511" classname="testScenarios.LoginPage_Validation"/>
</testsuite> <!-- testScenarios.LoginPage_Validation -->
