<?xml version="1.0" encoding="UTF-8"?>
<!-- Generated by org.testng.reporters.JUnitReportReporter -->
<testsuite hostname="LH7U05CG7350KQM" name="testScenraios.NewTest" tests="1" failures="0" timestamp="16 May 2019 12:45:19 GMT" time="0.017" errors="0">
  <testcase name="f" time="0.017" classname="testScenraios.NewTest"/>
</testsuite> <!-- testScenraios.NewTest -->
